{"C:\\Users\\duyman\\Desktop\\coverage\\libs\\script.js": {"path":"C:\\Users\\duyman\\Desktop\\coverage\\libs\\script.js","statementMap":{"0":{"start":{"line":2,"column":12},"end":{"line":2,"column":35}},"1":{"start":{"line":3,"column":12},"end":{"line":4,"column":15}},"2":{"start":{"line":5,"column":12},"end":{"line":5,"column":53}},"3":{"start":{"line":6,"column":4},"end":{"line":12,"column":5}},"4":{"start":{"line":7,"column":8},"end":{"line":7,"column":20}},"5":{"start":{"line":8,"column":11},"end":{"line":12,"column":5}},"6":{"start":{"line":9,"column":8},"end":{"line":9,"column":20}},"7":{"start":{"line":11,"column":8},"end":{"line":11,"column":21}},"8":{"start":{"line":15,"column":0},"end":{"line":15,"column":20}}},"fnMap":{"0":{"name":"math","decl":{"start":{"line":1,"column":9},"end":{"line":1,"column":13}},"loc":{"start":{"line":1,"column":17},"end":{"line":13,"column":1}},"line":1}},"branchMap":{"0":{"loc":{"start":{"line":2,"column":12},"end":{"line":2,"column":35}},"type":"cond-expr","locations":[{"start":{"line":2,"column":23},"end":{"line":2,"column":27}},{"start":{"line":2,"column":30},"end":{"line":2,"column":35}}],"line":2},"1":{"loc":{"start":{"line":3,"column":12},"end":{"line":4,"column":15}},"type":"cond-expr","locations":[{"start":{"line":3,"column":23},"end":{"line":3,"column":27}},{"start":{"line":4,"column":10},"end":{"line":4,"column":15}}],"line":3},"2":{"loc":{"start":{"line":5,"column":12},"end":{"line":5,"column":53}},"type":"cond-expr","locations":[{"start":{"line":5,"column":23},"end":{"line":5,"column":27}},{"start":{"line":5,"column":30},"end":{"line":5,"column":53}}],"line":5},"3":{"loc":{"start":{"line":5,"column":30},"end":{"line":5,"column":53}},"type":"cond-expr","locations":[{"start":{"line":5,"column":41},"end":{"line":5,"column":45}},{"start":{"line":5,"column":48},"end":{"line":5,"column":53}}],"line":5},"4":{"loc":{"start":{"line":6,"column":4},"end":{"line":12,"column":5}},"type":"if","locations":[{"start":{"line":6,"column":4},"end":{"line":12,"column":5}},{"start":{"line":6,"column":4},"end":{"line":12,"column":5}}],"line":6},"5":{"loc":{"start":{"line":8,"column":11},"end":{"line":12,"column":5}},"type":"if","locations":[{"start":{"line":8,"column":11},"end":{"line":12,"column":5}},{"start":{"line":8,"column":11},"end":{"line":12,"column":5}}],"line":8}},"s":{"0":1,"1":1,"2":1,"3":1,"4":0,"5":1,"6":0,"7":1,"8":1},"f":{"0":1},"b":{"0":[0,1],"1":[0,1],"2":[0,1],"3":[0,1],"4":[0,1],"5":[0,1]},"_coverageSchema":"332fd63041d2c1bcb487cc26dd0d5f7d97098a6c","hash":"9bc0e9d95a6cc5c3344f1c212a794dec1ba9bca0"}
}
