{"C:\\Users\\duyman\\Desktop\\coverage\\libs\\script.js":{"path":"C:\\Users\\duyman\\Desktop\\coverage\\libs\\script.js","s":{"1":1,"2":3,"3":3,"4":3,"5":3,"6":2,"7":1,"8":0,"9":1,"10":1},"b":{"1":[2,1],"2":[2,1],"3":[2,1],"4":[0,1],"5":[2,1],"6":[0,1]},"f":{"1":3},"fnMap":{"1":{"name":"math","line":1,"loc":{"start":{"line":1,"column":0},"end":{"line":1,"column":17}}}},"statementMap":{"1":{"start":{"line":1,"column":0},"end":{"line":13,"column":1}},"2":{"start":{"line":2,"column":4},"end":{"line":2,"column":36}},"3":{"start":{"line":3,"column":4},"end":{"line":4,"column":16}},"4":{"start":{"line":5,"column":4},"end":{"line":5,"column":54}},"5":{"start":{"line":6,"column":4},"end":{"line":12,"column":5}},"6":{"start":{"line":7,"column":8},"end":{"line":7,"column":20}},"7":{"start":{"line":8,"column":11},"end":{"line":12,"column":5}},"8":{"start":{"line":9,"column":8},"end":{"line":9,"column":20}},"9":{"start":{"line":11,"column":8},"end":{"line":11,"column":21}},"10":{"start":{"line":15,"column":0},"end":{"line":15,"column":20}}},"branchMap":{"1":{"line":2,"type":"cond-expr","locations":[{"start":{"line":2,"column":23},"end":{"line":2,"column":27}},{"start":{"line":2,"column":30},"end":{"line":2,"column":35}}]},"2":{"line":3,"type":"cond-expr","locations":[{"start":{"line":3,"column":23},"end":{"line":3,"column":27}},{"start":{"line":4,"column":10},"end":{"line":4,"column":15}}]},"3":{"line":5,"type":"cond-expr","locations":[{"start":{"line":5,"column":23},"end":{"line":5,"column":27}},{"start":{"line":5,"column":30},"end":{"line":5,"column":53}}]},"4":{"line":5,"type":"cond-expr","locations":[{"start":{"line":5,"column":41},"end":{"line":5,"column":45}},{"start":{"line":5,"column":48},"end":{"line":5,"column":53}}]},"5":{"line":6,"type":"if","locations":[{"start":{"line":6,"column":4},"end":{"line":6,"column":4}},{"start":{"line":6,"column":4},"end":{"line":6,"column":4}}]},"6":{"line":8,"type":"if","locations":[{"start":{"line":8,"column":11},"end":{"line":8,"column":11}},{"start":{"line":8,"column":11},"end":{"line":8,"column":11}}]}}}}